2025-07-09 21:31:57,095 - semgrep.run_scan - DEBUG - semgrep version 1.4.0
2025-07-09 21:31:57,107 - semgrep.git - DEBUG - Failed to get project url from 'git ls-remote': Command failed with exit code: 128
-----
Command failed with output:
fatal: No remote configured to list refs from.


Failed to run 'git ls-remote --get-url'. Possible reasons:

- the git binary is not available
- the current working directory is not a git repository
- the baseline commit is not a parent of the current commit
    (if you are running through semgrep-app, check if you are setting `SEMGREP_BRANCH` or `SEMGREP_BASELINE_COMMIT` properly)
- the current working directory is not marked as safe
    (fix with `git config --global --add safe.directory $(pwd)`)

Try running the command yourself to debug the issue.
2025-07-09 21:31:57,108 - semgrep.config_resolver - DEBUG - Loading local config from /home/runner/workspace/.config/.semgrep/semgrep_rules.json
2025-07-09 21:31:57,110 - semgrep.config_resolver - DEBUG - Done loading local config from /home/runner/workspace/.config/.semgrep/semgrep_rules.json
2025-07-09 21:31:57,121 - semgrep.config_resolver - DEBUG - Saving rules to /tmp/semgrep-j3glt2ra.rules
2025-07-09 21:31:57,800 - semgrep.rule_lang - DEBUG - semgrep-core validation response: valid=True
2025-07-09 21:31:57,800 - semgrep.rule_lang - DEBUG - semgrep-core validation succeeded
2025-07-09 21:31:57,800 - semgrep.rule_lang - DEBUG - RPC validation succeeded
2025-07-09 21:31:57,800 - semgrep.config_resolver - DEBUG - loaded 1 configs in 0.6926813125610352
2025-07-09 21:31:57,895 - semgrep.run_scan - VERBOSE - running 715 rules from 1 config /home/runner/workspace/.config/.semgrep/semgrep_rules.json_0
2025-07-09 21:31:57,895 - semgrep.run_scan - VERBOSE - No .semgrepignore found. Using default .semgrepignore rules. See the docs for the list of default ignores: https://semgrep.dev/docs/cli-usage/#ignore-files
2025-07-09 21:31:57,897 - semgrep.run_scan - VERBOSE - Rules:
2025-07-09 21:31:57,898 - semgrep.run_scan - VERBOSE - <SKIPPED DATA (too many entries; use --max-log-list-entries)>
2025-07-09 21:31:58,528 - semgrep.core_runner - DEBUG - Passing whole rules directly to semgrep_core
2025-07-09 21:31:58,725 - semgrep.core_runner - DEBUG - Running Semgrep engine with command:
2025-07-09 21:31:58,726 - semgrep.core_runner - DEBUG - /tmp/_MEIuOIGNE/semgrep/bin/opengrep-core -json -rules /tmp/tmpnu1rwn5d.json -j 8 -targets /tmp/tmp9mznpaby -timeout 5 -timeout_threshold 3 -max_memory 0 -fast
2025-07-09 21:32:02,699 - semgrep.core_runner - DEBUG - --- semgrep-core stderr ---
[00.07][[34mINFO[0m]: Executed as: /tmp/_MEIuOIGNE/semgrep/bin/opengrep-core -json -rules /tmp/tmpnu1rwn5d.json -j 8 -targets /tmp/tmp9mznpaby -timeout 5 -timeout_threshold 3 -max_memory 0 -fast
[00.07][[34mINFO[0m]: Version: 1.4.0
[00.07][[34mINFO[0m]: Parsing rules in /tmp/tmpnu1rwn5d.json
[00.50][[34mINFO[0m]: scan: processing 431 files (skipping 0), with 457 rules (skipping 0 )
[00.73][[31mERROR[0m]: exception on client/src/lib/queryClient.ts (CamlinternalLazy.Undefined)
[0m--- end semgrep-core stderr ---
2025-07-09 21:32:02,808 - semgrep.rule_match - DEBUG - match_key = ('', PosixPath('attached_assets/roleraise-website (1)_1751981346484.html'), 'config..semgrep.vendored-rules.html.security.audit.missing-integrity') match_id = f185d70e12cd0eb446450456361fbdc54b4ff7dbbb653fa1eae52072e38313b1b4bd69c000dc70475716d0cc09c23a0d9078e1bd07555f9d56115baf1fa7c13d_0
2025-07-09 21:32:02,809 - semgrep.rule_match - DEBUG - match_key = (' src="https://cdnjs.cloudflare.com/ajax/libs/gsap/3.12.2/gsap.min.js" (?is).*integrity= (google-analytics\\.com|fonts\\.googleapis\\.com|fonts\\.gstatic\\.com|googletagmanager\\.com) .*rel\\s*=\\s*[\'"]?preconnect.* href="... :// ..." href="//..." href=\'... :// ...\' href=\'//...\' src="... :// ..." src="//..." src=\'... :// ...\' src=\'//...\' <link  src="https://cdnjs.cloudflare.com/ajax/libs/gsap/3.12.2/gsap.min.js" > <script  src="https://cdnjs.cloudflare.com/ajax/libs/gsap/3.12.2/gsap.min.js" >...</script>', PosixPath('attached_assets/roleraise-website (1)_1751981346484.html'), 'config..semgrep.vendored-rules.html.security.audit.missing-integrity') match_id = 4e8d048b4817e4f76bfe3443a47d5bbbf602fdefff73e4eb6e5b28ded9dc68ee916ab30f14a603e5a43b0eaf6273640d24066de477f51b44234d30a03cf45c7e_0
2025-07-09 21:32:02,810 - semgrep.rule_match - DEBUG - match_key = (' src="https://cdnjs.cloudflare.com/ajax/libs/gsap/3.12.2/gsap.min.js" (?is).*integrity= (google-analytics\\.com|fonts\\.googleapis\\.com|fonts\\.gstatic\\.com|googletagmanager\\.com) .*rel\\s*=\\s*[\'"]?preconnect.* href="... :// ..." href="//..." href=\'... :// ...\' href=\'//...\' src="... :// ..." src="//..." src=\'... :// ...\' src=\'//...\' <link  src="https://cdnjs.cloudflare.com/ajax/libs/gsap/3.12.2/gsap.min.js" > <script  src="https://cdnjs.cloudflare.com/ajax/libs/gsap/3.12.2/gsap.min.js" >...</script>', PosixPath('attached_assets/roleraise-website (1)_1751981346484.html'), 'config..semgrep.vendored-rules.html.security.audit.missing-integrity') match_id = 4e8d048b4817e4f76bfe3443a47d5bbbf602fdefff73e4eb6e5b28ded9dc68ee916ab30f14a603e5a43b0eaf6273640d24066de477f51b44234d30a03cf45c7e_0
2025-07-09 21:32:02,810 - semgrep.rule_match - DEBUG - match_key = (' src="https://cdnjs.cloudflare.com/ajax/libs/gsap/3.12.2/gsap.min.js" (?is).*integrity= (google-analytics\\.com|fonts\\.googleapis\\.com|fonts\\.gstatic\\.com|googletagmanager\\.com) .*rel\\s*=\\s*[\'"]?preconnect.* href="... :// ..." href="//..." href=\'... :// ...\' href=\'//...\' src="... :// ..." src="//..." src=\'... :// ...\' src=\'//...\' <link  src="https://cdnjs.cloudflare.com/ajax/libs/gsap/3.12.2/gsap.min.js" > <script  src="https://cdnjs.cloudflare.com/ajax/libs/gsap/3.12.2/gsap.min.js" >...</script>', PosixPath('attached_assets/roleraise-website (1)_1751981346484.html'), 'config..semgrep.vendored-rules.html.security.audit.missing-integrity') match_id = 4e8d048b4817e4f76bfe3443a47d5bbbf602fdefff73e4eb6e5b28ded9dc68ee916ab30f14a603e5a43b0eaf6273640d24066de477f51b44234d30a03cf45c7e_0
2025-07-09 21:32:02,811 - semgrep.rule_match - DEBUG - match_key = ('', PosixPath('attached_assets/roleraise-website (1)_1751981346484.html'), 'config..semgrep.vendored-rules.html.security.audit.missing-integrity') match_id = f185d70e12cd0eb446450456361fbdc54b4ff7dbbb653fa1eae52072e38313b1b4bd69c000dc70475716d0cc09c23a0d9078e1bd07555f9d56115baf1fa7c13d_0
2025-07-09 21:32:02,811 - semgrep.rule_match - DEBUG - match_key = (' src="https://cdnjs.cloudflare.com/ajax/libs/gsap/3.12.2/ScrollTrigger.min.js" (?is).*integrity= (google-analytics\\.com|fonts\\.googleapis\\.com|fonts\\.gstatic\\.com|googletagmanager\\.com) .*rel\\s*=\\s*[\'"]?preconnect.* href="... :// ..." href="//..." href=\'... :// ...\' href=\'//...\' src="... :// ..." src="//..." src=\'... :// ...\' src=\'//...\' <link  src="https://cdnjs.cloudflare.com/ajax/libs/gsap/3.12.2/ScrollTrigger.min.js" > <script  src="https://cdnjs.cloudflare.com/ajax/libs/gsap/3.12.2/ScrollTrigger.min.js" >...</script>', PosixPath('attached_assets/roleraise-website (1)_1751981346484.html'), 'config..semgrep.vendored-rules.html.security.audit.missing-integrity') match_id = bca69e54ceaf047201d19ca54099c66610abfc0bc98b6a3dc9db48d40ae67293e2677afed3db0a2192fc8c1b1ed9ac3c338cc35845b4fcc0d353218ac90fed99_0
2025-07-09 21:32:02,812 - semgrep.rule_match - DEBUG - match_key = (' src="https://cdnjs.cloudflare.com/ajax/libs/gsap/3.12.2/ScrollTrigger.min.js" (?is).*integrity= (google-analytics\\.com|fonts\\.googleapis\\.com|fonts\\.gstatic\\.com|googletagmanager\\.com) .*rel\\s*=\\s*[\'"]?preconnect.* href="... :// ..." href="//..." href=\'... :// ...\' href=\'//...\' src="... :// ..." src="//..." src=\'... :// ...\' src=\'//...\' <link  src="https://cdnjs.cloudflare.com/ajax/libs/gsap/3.12.2/ScrollTrigger.min.js" > <script  src="https://cdnjs.cloudflare.com/ajax/libs/gsap/3.12.2/ScrollTrigger.min.js" >...</script>', PosixPath('attached_assets/roleraise-website (1)_1751981346484.html'), 'config..semgrep.vendored-rules.html.security.audit.missing-integrity') match_id = bca69e54ceaf047201d19ca54099c66610abfc0bc98b6a3dc9db48d40ae67293e2677afed3db0a2192fc8c1b1ed9ac3c338cc35845b4fcc0d353218ac90fed99_0
2025-07-09 21:32:02,812 - semgrep.rule_match - DEBUG - match_key = (' src="https://cdnjs.cloudflare.com/ajax/libs/gsap/3.12.2/ScrollTrigger.min.js" (?is).*integrity= (google-analytics\\.com|fonts\\.googleapis\\.com|fonts\\.gstatic\\.com|googletagmanager\\.com) .*rel\\s*=\\s*[\'"]?preconnect.* href="... :// ..." href="//..." href=\'... :// ...\' href=\'//...\' src="... :// ..." src="//..." src=\'... :// ...\' src=\'//...\' <link  src="https://cdnjs.cloudflare.com/ajax/libs/gsap/3.12.2/ScrollTrigger.min.js" > <script  src="https://cdnjs.cloudflare.com/ajax/libs/gsap/3.12.2/ScrollTrigger.min.js" >...</script>', PosixPath('attached_assets/roleraise-website (1)_1751981346484.html'), 'config..semgrep.vendored-rules.html.security.audit.missing-integrity') match_id = bca69e54ceaf047201d19ca54099c66610abfc0bc98b6a3dc9db48d40ae67293e2677afed3db0a2192fc8c1b1ed9ac3c338cc35845b4fcc0d353218ac90fed99_0
2025-07-09 21:32:02,813 - semgrep.rule_match - DEBUG - match_key = ('', PosixPath('client/index.html'), 'config..semgrep.vendored-rules.html.security.audit.missing-integrity') match_id = 0ee74fd49637bebe183eca7188dbde26e386314e62cc2e7ba1ee60b377b638243fcd84e6c6fa04886198ccacfa6a711bfbcc61a28f9ddc913d5b3c53083cbc90_0
2025-07-09 21:32:02,813 - semgrep.rule_match - DEBUG - match_key = (' type="text/javascript" src="https://replit.com/public/js/replit-dev-banner.js" (?is).*integrity= (google-analytics\\.com|fonts\\.googleapis\\.com|fonts\\.gstatic\\.com|googletagmanager\\.com) .*rel\\s*=\\s*[\'"]?preconnect.* href="... :// ..." href="//..." href=\'... :// ...\' href=\'//...\' src="... :// ..." src="//..." src=\'... :// ...\' src=\'//...\' <link  type="text/javascript" src="https://replit.com/public/js/replit-dev-banner.js" > <script  type="text/javascript" src="https://replit.com/public/js/replit-dev-banner.js" >...</script>', PosixPath('client/index.html'), 'config..semgrep.vendored-rules.html.security.audit.missing-integrity') match_id = 0728b64e224596592d04447ba8a642ff94e1fb9fcc07be26d49dc7e7f6898e638ad16ffcaca086932c58f4c6400fe32603323afef02cf9bfebcb0e4a53562a40_0
2025-07-09 21:32:02,813 - semgrep.rule_match - DEBUG - match_key = (' type="text/javascript" src="https://replit.com/public/js/replit-dev-banner.js" (?is).*integrity= (google-analytics\\.com|fonts\\.googleapis\\.com|fonts\\.gstatic\\.com|googletagmanager\\.com) .*rel\\s*=\\s*[\'"]?preconnect.* href="... :// ..." href="//..." href=\'... :// ...\' href=\'//...\' src="... :// ..." src="//..." src=\'... :// ...\' src=\'//...\' <link  type="text/javascript" src="https://replit.com/public/js/replit-dev-banner.js" > <script  type="text/javascript" src="https://replit.com/public/js/replit-dev-banner.js" >...</script>', PosixPath('client/index.html'), 'config..semgrep.vendored-rules.html.security.audit.missing-integrity') match_id = 0728b64e224596592d04447ba8a642ff94e1fb9fcc07be26d49dc7e7f6898e638ad16ffcaca086932c58f4c6400fe32603323afef02cf9bfebcb0e4a53562a40_0
2025-07-09 21:32:02,814 - semgrep.rule_match - DEBUG - match_key = (' type="text/javascript" src="https://replit.com/public/js/replit-dev-banner.js" (?is).*integrity= (google-analytics\\.com|fonts\\.googleapis\\.com|fonts\\.gstatic\\.com|googletagmanager\\.com) .*rel\\s*=\\s*[\'"]?preconnect.* href="... :// ..." href="//..." href=\'... :// ...\' href=\'//...\' src="... :// ..." src="//..." src=\'... :// ...\' src=\'//...\' <link  type="text/javascript" src="https://replit.com/public/js/replit-dev-banner.js" > <script  type="text/javascript" src="https://replit.com/public/js/replit-dev-banner.js" >...</script>', PosixPath('client/index.html'), 'config..semgrep.vendored-rules.html.security.audit.missing-integrity') match_id = 0728b64e224596592d04447ba8a642ff94e1fb9fcc07be26d49dc7e7f6898e638ad16ffcaca086932c58f4c6400fe32603323afef02cf9bfebcb0e4a53562a40_0
2025-07-09 21:32:02,814 - semgrep.rule_match - DEBUG - match_key = ('', PosixPath('client/src/components/PayPalButton.tsx'), 'config..semgrep.vendored-rules.javascript.browser.security.js-open-redirect-from-function') match_id = f1b378546fb756a4d1f8e0dfcac725bde5d1500a551feff25c8e9c24bd758cac43c38e6d98542f9ec55277f1103ff91e2c252f456505cc726b177b0121d93bef_0
2025-07-09 21:32:02,815 - semgrep.rule_match - DEBUG - match_key = ('"..." + $VALUE\n `...${$VALUE}`\n approveLink.href approveLink.href location.href = approveLink.href location.replace(approveLink.href) this.location.href = approveLink.href this.location.replace(approveLink.href) this.window.location.href = approveLink.href this.window.location.replace(approveLink.href) window.location.href = approveLink.href window.location.replace(approveLink.href) {amount amount currency currency intent intent id"paypal-button"}PayPalButtonProps function ... (..., {amount amount currency currency intent intent id"paypal-button"}PayPalButtonProps, ...) { ... }\n', PosixPath('client/src/components/PayPalButton.tsx'), 'config..semgrep.vendored-rules.javascript.browser.security.js-open-redirect-from-function') match_id = 400d593fffee191447ae8a2968e719b81e219438bc3490c922b900a40c1a67600207f3ac8c816de6b90bdfe9f1496ac61a59e85fe74453e74c0bd0918e9b3d5d_0
2025-07-09 21:32:02,815 - semgrep.rule_match - DEBUG - match_key = ('"..." + $VALUE\n `...${$VALUE}`\n approveLink.href approveLink.href location.href = approveLink.href location.replace(approveLink.href) this.location.href = approveLink.href this.location.replace(approveLink.href) this.window.location.href = approveLink.href this.window.location.replace(approveLink.href) window.location.href = approveLink.href window.location.replace(approveLink.href) {amount amount currency currency intent intent id"paypal-button"}PayPalButtonProps function ... (..., {amount amount currency currency intent intent id"paypal-button"}PayPalButtonProps, ...) { ... }\n', PosixPath('client/src/components/PayPalButton.tsx'), 'config..semgrep.vendored-rules.javascript.browser.security.js-open-redirect-from-function') match_id = 400d593fffee191447ae8a2968e719b81e219438bc3490c922b900a40c1a67600207f3ac8c816de6b90bdfe9f1496ac61a59e85fe74453e74c0bd0918e9b3d5d_0
2025-07-09 21:32:02,816 - semgrep.rule_match - DEBUG - match_key = ('"..." + $VALUE\n `...${$VALUE}`\n approveLink.href approveLink.href location.href = approveLink.href location.replace(approveLink.href) this.location.href = approveLink.href this.location.replace(approveLink.href) this.window.location.href = approveLink.href this.window.location.replace(approveLink.href) window.location.href = approveLink.href window.location.replace(approveLink.href) {amount amount currency currency intent intent id"paypal-button"}PayPalButtonProps function ... (..., {amount amount currency currency intent intent id"paypal-button"}PayPalButtonProps, ...) { ... }\n', PosixPath('client/src/components/PayPalButton.tsx'), 'config..semgrep.vendored-rules.javascript.browser.security.js-open-redirect-from-function') match_id = 400d593fffee191447ae8a2968e719b81e219438bc3490c922b900a40c1a67600207f3ac8c816de6b90bdfe9f1496ac61a59e85fe74453e74c0bd0918e9b3d5d_0
2025-07-09 21:32:02,816 - semgrep.rule_match - DEBUG - match_key = ('', PosixPath('nginx.conf'), 'config..semgrep.vendored-rules.generic.nginx.security.possible-nginx-h2c-smuggling') match_id = 0bfbef5faa5cd393ea1ed631a0707d6b275b0ace68d8cf9f5ae046857d09ae3c6e2562fac91413350763c1d7c92239e0e637ecc1ec3d679e2528752927160157_0
2025-07-09 21:32:02,816 - semgrep.rule_match - DEBUG - match_key = ('location ... {\n  ...\n}\n proxy_http_version 1.1 ...;\n...\nproxy_set_header Upgrade ...;\n...\nproxy_set_header Connection ...;\n proxy_set_header Upgrade ...;\n...\nproxy_http_version 1.1 ...;\n...\nproxy_set_header Connection ...;\n proxy_set_header Upgrade ...;\n...\nproxy_set_header Connection ...;\n...\nproxy_http_version 1.1 ...;\n', PosixPath('nginx.conf'), 'config..semgrep.vendored-rules.generic.nginx.security.possible-nginx-h2c-smuggling') match_id = 9c9a68904cd5f1bcc600d614fcf82a583f18cfaec0d5eb140839ca703b9c623c7cfc573fca0bf9d5ad80cc884a5b3c647b2bca360d9de5aae16166de48cac282_0
2025-07-09 21:32:02,817 - semgrep.rule_match - DEBUG - match_key = ('location ... {\n  ...\n}\n proxy_http_version 1.1 ...;\n...\nproxy_set_header Upgrade ...;\n...\nproxy_set_header Connection ...;\n proxy_set_header Upgrade ...;\n...\nproxy_http_version 1.1 ...;\n...\nproxy_set_header Connection ...;\n proxy_set_header Upgrade ...;\n...\nproxy_set_header Connection ...;\n...\nproxy_http_version 1.1 ...;\n', PosixPath('nginx.conf'), 'config..semgrep.vendored-rules.generic.nginx.security.possible-nginx-h2c-smuggling') match_id = 9c9a68904cd5f1bcc600d614fcf82a583f18cfaec0d5eb140839ca703b9c623c7cfc573fca0bf9d5ad80cc884a5b3c647b2bca360d9de5aae16166de48cac282_0
2025-07-09 21:32:02,817 - semgrep.rule_match - DEBUG - match_key = ('location ... {\n  ...\n}\n proxy_http_version 1.1 ...;\n...\nproxy_set_header Upgrade ...;\n...\nproxy_set_header Connection ...;\n proxy_set_header Upgrade ...;\n...\nproxy_http_version 1.1 ...;\n...\nproxy_set_header Connection ...;\n proxy_set_header Upgrade ...;\n...\nproxy_set_header Connection ...;\n...\nproxy_http_version 1.1 ...;\n', PosixPath('nginx.conf'), 'config..semgrep.vendored-rules.generic.nginx.security.possible-nginx-h2c-smuggling') match_id = 9c9a68904cd5f1bcc600d614fcf82a583f18cfaec0d5eb140839ca703b9c623c7cfc573fca0bf9d5ad80cc884a5b3c647b2bca360d9de5aae16166de48cac282_0
2025-07-09 21:32:02,818 - semgrep.rule_match - DEBUG - match_key = ('', PosixPath('nginx.conf'), 'config..semgrep.vendored-rules.generic.nginx.security.request-host-used') match_id = 2d15b7f5a4abb20573726aa118371745c91337cf7052724b0fe83031bb17c7c1b68aac943fb6cc69147b47b2e61ded3b170fec174e9ed7cae7cb195c93a9b0ad_0
2025-07-09 21:32:02,818 - semgrep.rule_match - DEBUG - match_key = ('$host $http_host', PosixPath('nginx.conf'), 'config..semgrep.vendored-rules.generic.nginx.security.request-host-used') match_id = ae4ba3bb028725171940b5431a573f2783522a35d0ff095992ae2a3c86d26008968f89b5ccd1eb2575ba41d0f2a6dfbaf56236afd8e208f7b9cd6b6d65b357be_0
2025-07-09 21:32:02,818 - semgrep.rule_match - DEBUG - match_key = ('$host $http_host', PosixPath('nginx.conf'), 'config..semgrep.vendored-rules.generic.nginx.security.request-host-used') match_id = ae4ba3bb028725171940b5431a573f2783522a35d0ff095992ae2a3c86d26008968f89b5ccd1eb2575ba41d0f2a6dfbaf56236afd8e208f7b9cd6b6d65b357be_0
2025-07-09 21:32:02,819 - semgrep.rule_match - DEBUG - match_key = ('$host $http_host', PosixPath('nginx.conf'), 'config..semgrep.vendored-rules.generic.nginx.security.request-host-used') match_id = ae4ba3bb028725171940b5431a573f2783522a35d0ff095992ae2a3c86d26008968f89b5ccd1eb2575ba41d0f2a6dfbaf56236afd8e208f7b9cd6b6d65b357be_0
2025-07-09 21:32:02,819 - semgrep.rule_match - DEBUG - match_key = ('', PosixPath('nginx.conf'), 'config..semgrep.vendored-rules.generic.nginx.security.possible-nginx-h2c-smuggling') match_id = 0bfbef5faa5cd393ea1ed631a0707d6b275b0ace68d8cf9f5ae046857d09ae3c6e2562fac91413350763c1d7c92239e0e637ecc1ec3d679e2528752927160157_0
2025-07-09 21:32:02,820 - semgrep.rule_match - DEBUG - match_key = ('location ... {\n  ...\n}\n proxy_http_version 1.1 ...;\n...\nproxy_set_header Upgrade ...;\n...\nproxy_set_header Connection ...;\n proxy_set_header Upgrade ...;\n...\nproxy_http_version 1.1 ...;\n...\nproxy_set_header Connection ...;\n proxy_set_header Upgrade ...;\n...\nproxy_set_header Connection ...;\n...\nproxy_http_version 1.1 ...;\n', PosixPath('nginx.conf'), 'config..semgrep.vendored-rules.generic.nginx.security.possible-nginx-h2c-smuggling') match_id = 9c9a68904cd5f1bcc600d614fcf82a583f18cfaec0d5eb140839ca703b9c623c7cfc573fca0bf9d5ad80cc884a5b3c647b2bca360d9de5aae16166de48cac282_0
2025-07-09 21:32:02,820 - semgrep.rule_match - DEBUG - match_key = ('location ... {\n  ...\n}\n proxy_http_version 1.1 ...;\n...\nproxy_set_header Upgrade ...;\n...\nproxy_set_header Connection ...;\n proxy_set_header Upgrade ...;\n...\nproxy_http_version 1.1 ...;\n...\nproxy_set_header Connection ...;\n proxy_set_header Upgrade ...;\n...\nproxy_set_header Connection ...;\n...\nproxy_http_version 1.1 ...;\n', PosixPath('nginx.conf'), 'config..semgrep.vendored-rules.generic.nginx.security.possible-nginx-h2c-smuggling') match_id = 9c9a68904cd5f1bcc600d614fcf82a583f18cfaec0d5eb140839ca703b9c623c7cfc573fca0bf9d5ad80cc884a5b3c647b2bca360d9de5aae16166de48cac282_0
2025-07-09 21:32:02,820 - semgrep.rule_match - DEBUG - match_key = ('location ... {\n  ...\n}\n proxy_http_version 1.1 ...;\n...\nproxy_set_header Upgrade ...;\n...\nproxy_set_header Connection ...;\n proxy_set_header Upgrade ...;\n...\nproxy_http_version 1.1 ...;\n...\nproxy_set_header Connection ...;\n proxy_set_header Upgrade ...;\n...\nproxy_set_header Connection ...;\n...\nproxy_http_version 1.1 ...;\n', PosixPath('nginx.conf'), 'config..semgrep.vendored-rules.generic.nginx.security.possible-nginx-h2c-smuggling') match_id = 9c9a68904cd5f1bcc600d614fcf82a583f18cfaec0d5eb140839ca703b9c623c7cfc573fca0bf9d5ad80cc884a5b3c647b2bca360d9de5aae16166de48cac282_1
2025-07-09 21:32:02,821 - semgrep.rule_match - DEBUG - match_key = ('', PosixPath('nginx.conf'), 'config..semgrep.vendored-rules.generic.nginx.security.request-host-used') match_id = 2d15b7f5a4abb20573726aa118371745c91337cf7052724b0fe83031bb17c7c1b68aac943fb6cc69147b47b2e61ded3b170fec174e9ed7cae7cb195c93a9b0ad_0
2025-07-09 21:32:02,821 - semgrep.rule_match - DEBUG - match_key = ('$host $http_host', PosixPath('nginx.conf'), 'config..semgrep.vendored-rules.generic.nginx.security.request-host-used') match_id = ae4ba3bb028725171940b5431a573f2783522a35d0ff095992ae2a3c86d26008968f89b5ccd1eb2575ba41d0f2a6dfbaf56236afd8e208f7b9cd6b6d65b357be_0
2025-07-09 21:32:02,822 - semgrep.rule_match - DEBUG - match_key = ('$host $http_host', PosixPath('nginx.conf'), 'config..semgrep.vendored-rules.generic.nginx.security.request-host-used') match_id = ae4ba3bb028725171940b5431a573f2783522a35d0ff095992ae2a3c86d26008968f89b5ccd1eb2575ba41d0f2a6dfbaf56236afd8e208f7b9cd6b6d65b357be_0
2025-07-09 21:32:02,822 - semgrep.rule_match - DEBUG - match_key = ('$host $http_host', PosixPath('nginx.conf'), 'config..semgrep.vendored-rules.generic.nginx.security.request-host-used') match_id = ae4ba3bb028725171940b5431a573f2783522a35d0ff095992ae2a3c86d26008968f89b5ccd1eb2575ba41d0f2a6dfbaf56236afd8e208f7b9cd6b6d65b357be_1
2025-07-09 21:32:02,823 - semgrep.rule_match - DEBUG - match_key = ('', PosixPath('nginx.conf'), 'config..semgrep.vendored-rules.generic.nginx.security.request-host-used') match_id = 2d15b7f5a4abb20573726aa118371745c91337cf7052724b0fe83031bb17c7c1b68aac943fb6cc69147b47b2e61ded3b170fec174e9ed7cae7cb195c93a9b0ad_0
2025-07-09 21:32:02,823 - semgrep.rule_match - DEBUG - match_key = ('$host $http_host', PosixPath('nginx.conf'), 'config..semgrep.vendored-rules.generic.nginx.security.request-host-used') match_id = ae4ba3bb028725171940b5431a573f2783522a35d0ff095992ae2a3c86d26008968f89b5ccd1eb2575ba41d0f2a6dfbaf56236afd8e208f7b9cd6b6d65b357be_0
2025-07-09 21:32:02,824 - semgrep.rule_match - DEBUG - match_key = ('$host $http_host', PosixPath('nginx.conf'), 'config..semgrep.vendored-rules.generic.nginx.security.request-host-used') match_id = ae4ba3bb028725171940b5431a573f2783522a35d0ff095992ae2a3c86d26008968f89b5ccd1eb2575ba41d0f2a6dfbaf56236afd8e208f7b9cd6b6d65b357be_0
2025-07-09 21:32:02,824 - semgrep.rule_match - DEBUG - match_key = ('$host $http_host', PosixPath('nginx.conf'), 'config..semgrep.vendored-rules.generic.nginx.security.request-host-used') match_id = ae4ba3bb028725171940b5431a573f2783522a35d0ff095992ae2a3c86d26008968f89b5ccd1eb2575ba41d0f2a6dfbaf56236afd8e208f7b9cd6b6d65b357be_2
2025-07-09 21:32:02,824 - semgrep.rule_match - DEBUG - match_key = ('', PosixPath('nginx.conf'), 'config..semgrep.vendored-rules.generic.nginx.security.request-host-used') match_id = 2d15b7f5a4abb20573726aa118371745c91337cf7052724b0fe83031bb17c7c1b68aac943fb6cc69147b47b2e61ded3b170fec174e9ed7cae7cb195c93a9b0ad_0
2025-07-09 21:32:02,825 - semgrep.rule_match - DEBUG - match_key = ('$host $http_host', PosixPath('nginx.conf'), 'config..semgrep.vendored-rules.generic.nginx.security.request-host-used') match_id = ae4ba3bb028725171940b5431a573f2783522a35d0ff095992ae2a3c86d26008968f89b5ccd1eb2575ba41d0f2a6dfbaf56236afd8e208f7b9cd6b6d65b357be_0
2025-07-09 21:32:02,825 - semgrep.rule_match - DEBUG - match_key = ('$host $http_host', PosixPath('nginx.conf'), 'config..semgrep.vendored-rules.generic.nginx.security.request-host-used') match_id = ae4ba3bb028725171940b5431a573f2783522a35d0ff095992ae2a3c86d26008968f89b5ccd1eb2575ba41d0f2a6dfbaf56236afd8e208f7b9cd6b6d65b357be_0
2025-07-09 21:32:02,826 - semgrep.rule_match - DEBUG - match_key = ('$host $http_host', PosixPath('nginx.conf'), 'config..semgrep.vendored-rules.generic.nginx.security.request-host-used') match_id = ae4ba3bb028725171940b5431a573f2783522a35d0ff095992ae2a3c86d26008968f89b5ccd1eb2575ba41d0f2a6dfbaf56236afd8e208f7b9cd6b6d65b357be_3
2025-07-09 21:32:02,826 - semgrep.rule_match - DEBUG - match_key = ('', PosixPath('nginx.conf'), 'config..semgrep.vendored-rules.generic.nginx.security.request-host-used') match_id = 2d15b7f5a4abb20573726aa118371745c91337cf7052724b0fe83031bb17c7c1b68aac943fb6cc69147b47b2e61ded3b170fec174e9ed7cae7cb195c93a9b0ad_0
2025-07-09 21:32:02,826 - semgrep.rule_match - DEBUG - match_key = ('$host $http_host', PosixPath('nginx.conf'), 'config..semgrep.vendored-rules.generic.nginx.security.request-host-used') match_id = ae4ba3bb028725171940b5431a573f2783522a35d0ff095992ae2a3c86d26008968f89b5ccd1eb2575ba41d0f2a6dfbaf56236afd8e208f7b9cd6b6d65b357be_0
2025-07-09 21:32:02,827 - semgrep.rule_match - DEBUG - match_key = ('$host $http_host', PosixPath('nginx.conf'), 'config..semgrep.vendored-rules.generic.nginx.security.request-host-used') match_id = ae4ba3bb028725171940b5431a573f2783522a35d0ff095992ae2a3c86d26008968f89b5ccd1eb2575ba41d0f2a6dfbaf56236afd8e208f7b9cd6b6d65b357be_0
2025-07-09 21:32:02,827 - semgrep.rule_match - DEBUG - match_key = ('$host $http_host', PosixPath('nginx.conf'), 'config..semgrep.vendored-rules.generic.nginx.security.request-host-used') match_id = ae4ba3bb028725171940b5431a573f2783522a35d0ff095992ae2a3c86d26008968f89b5ccd1eb2575ba41d0f2a6dfbaf56236afd8e208f7b9cd6b6d65b357be_4
2025-07-09 21:32:02,829 - semgrep.core_runner - DEBUG - semgrep ran in 0:00:04.301652 on 167 files
2025-07-09 21:32:02,831 - semgrep.core_runner - DEBUG - findings summary: 10 warning, 0 error, 1 info
2025-07-09 21:32:02,834 - semgrep.app.auth - DEBUG - Getting API token from settings file
2025-07-09 21:32:02,834 - semgrep.app.auth - DEBUG - No API token found in settings file
2025-07-09 21:32:02,966 - semgrep.output - VERBOSE - 
========================================
Files skipped:
========================================

  Always skipped by Opengrep:

   • <none>

  Skipped by .gitignore:
  (Disable by passing --no-git-ignore)

   • <all files not listed by `git ls-files` were skipped>

  Skipped by .semgrepignore:
  - https://semgrep.dev/docs/ignoring-files-folders-code/#understand-semgrep-defaults

   • <none>

  Skipped by --include patterns:

   • <none>

  Skipped by --exclude patterns:

   • <none>

  Files skipped due to insufficient read permissions:

   • <none>

  Skipped by limiting to files smaller than 1000000 bytes:
  (Adjust with the --max-target-bytes flag)

   • <none>

  Partially analyzed due to parsing or internal Opengrep errors

   • attached_assets/roleraise-website (1)_1751981346484.html (8 lines skipped)
   • client/src/lib/queryClient.ts
   • tailwind.config.ts (1 lines skipped)

2025-07-09 21:32:02,968 - semgrep.output - INFO - Some files were skipped or only partially analyzed.
  Scan was limited to files tracked by git.
  Partially scanned: 3 files only partially analyzed due to parsing or internal Opengrep errors

Ran 448 rules on 167 files: 11 findings.
2025-07-09 21:32:02,968 - semgrep.app.version - DEBUG - Version cache does not exist
2025-07-09 21:32:02,982 - semgrep.metrics - VERBOSE - Not sending pseudonymous metrics since metrics are configured to OFF and registry usage is False
